<?xml version="1.0" encoding="UTF-8"?>
<testng-results ignored="0" total="2" passed="1" failed="1" skipped="0">
  <reporter-output>
  </reporter-output>
  <suite started-at="2019-09-05T17:36:54Z" name="cleartrip" finished-at="2019-09-05T17:38:33Z" duration-ms="99002">
    <groups>
    </groups>
    <test started-at="2019-09-05T17:36:54Z" name="cleartripAssignment" finished-at="2019-09-05T17:38:33Z" duration-ms="99002">
      <class name="com.cleartrip.tests.roundtrip.RoundTrip">
        <test-method is-config="true" signature="initializeBrowser()[pri:0, instance:com.cleartrip.tests.roundtrip.RoundTrip@5f058f00]" started-at="2019-09-05T17:36:55Z" name="initializeBrowser" finished-at="2019-09-05T17:37:28Z" duration-ms="32820" status="PASS">
          <reporter-output>
          </reporter-output>
        </test-method> <!-- initializeBrowser -->
        <test-method signature="oneWayTrip(java.lang.String, java.lang.String, java.lang.String, java.lang.String, java.lang.String, java.lang.String)[pri:0, instance:com.cleartrip.tests.roundtrip.RoundTrip@5f058f00]" started-at="2019-09-05T17:37:28Z" name="oneWayTrip" data-provider="testdata" finished-at="2019-09-05T17:38:33Z" duration-ms="65128" status="PASS">
          <params>
            <param index="0">
              <value>
                <![CDATA[sivamutyala0310@gmail.com]]>
              </value>
            </param>
            <param index="1">
              <value>
                <![CDATA[Mr]]>
              </value>
            </param>
            <param index="2">
              <value>
                <![CDATA[siva]]>
              </value>
            </param>
            <param index="3">
              <value>
                <![CDATA[mutyala]]>
              </value>
            </param>
            <param index="4">
              <value>
                <![CDATA[9989233795]]>
              </value>
            </param>
            <param index="5">
              <value>
                <![CDATA[s]]>
              </value>
            </param>
          </params>
          <reporter-output>
          </reporter-output>
        </test-method> <!-- oneWayTrip -->
      </class> <!-- com.cleartrip.tests.roundtrip.RoundTrip -->
      <class name="com.cleartrip.tests.ClearTripOneWayTrip">
        <test-method is-config="true" signature="initializeBrowser()[pri:0, instance:com.cleartrip.tests.ClearTripOneWayTrip@192d43ce]" started-at="2019-09-05T17:36:55Z" name="initializeBrowser" finished-at="2019-09-05T17:37:24Z" duration-ms="28770" status="PASS">
          <reporter-output>
          </reporter-output>
        </test-method> <!-- initializeBrowser -->
        <test-method signature="oneWayTrip(java.lang.String, java.lang.String, java.lang.String, java.lang.String, java.lang.String, java.lang.String)[pri:0, instance:com.cleartrip.tests.ClearTripOneWayTrip@192d43ce]" started-at="2019-09-05T17:37:24Z" name="oneWayTrip" data-provider="testdata" finished-at="2019-09-05T17:38:24Z" duration-ms="60234" status="FAIL">
          <params>
            <param index="0">
              <value>
                <![CDATA[sivamutyala0310@gmail.com]]>
              </value>
            </param>
            <param index="1">
              <value>
                <![CDATA[Mr]]>
              </value>
            </param>
            <param index="2">
              <value>
                <![CDATA[siva]]>
              </value>
            </param>
            <param index="3">
              <value>
                <![CDATA[mutyala]]>
              </value>
            </param>
            <param index="4">
              <value>
                <![CDATA[9989233795]]>
              </value>
            </param>
            <param index="5">
              <value>
                <![CDATA[s]]>
              </value>
            </param>
          </params>
          <exception class="org.openqa.selenium.ElementNotInteractableException">
            <message>
              <![CDATA[Element <select id="AdultTitle1" class="required travellerTitle title span" name="AdultTitle1"> could not be scrolled into view
Build info: version: '3.141.59', revision: 'e82be7d358', time: '2018-11-14T08:25:53'
System info: host: 'ATMECSINLT-044', ip: '192.168.0.35', os.name: 'Windows 10', os.arch: 'amd64', os.version: '10.0', java.version: '12.0.1'
Driver info: org.openqa.selenium.firefox.FirefoxDriver
Capabilities {acceptInsecureCerts: true, browserName: firefox, browserVersion: 69.0, javascriptEnabled: true, moz:accessibilityChecks: false, moz:buildID: 20190827005903, moz:geckodriverVersion: 0.24.0, moz:headless: false, moz:processID: 7880, moz:profile: C:\Users\siva.mutyala\AppDa..., moz:shutdownTimeout: 60000, moz:useNonSpecCompliantPointerOrigin: false, moz:webdriverClick: true, pageLoadStrategy: normal, platform: WINDOWS, platformName: WINDOWS, platformVersion: 10.0, rotatable: false, setWindowRect: true, strictFileInteractability: false, timeouts: {implicit: 0, pageLoad: 300000, script: 30000}, unhandledPromptBehavior: dismiss and notify}
Session ID: 9840ff6f-020f-4d3e-b0cd-c023f6ad098c]]>
            </message>
            <full-stacktrace>
              <![CDATA[org.openqa.selenium.ElementNotInteractableException: Element <select id="AdultTitle1" class="required travellerTitle title span" name="AdultTitle1"> could not be scrolled into view
Build info: version: '3.141.59', revision: 'e82be7d358', time: '2018-11-14T08:25:53'
System info: host: 'ATMECSINLT-044', ip: '192.168.0.35', os.name: 'Windows 10', os.arch: 'amd64', os.version: '10.0', java.version: '12.0.1'
Driver info: org.openqa.selenium.firefox.FirefoxDriver
Capabilities {acceptInsecureCerts: true, browserName: firefox, browserVersion: 69.0, javascriptEnabled: true, moz:accessibilityChecks: false, moz:buildID: 20190827005903, moz:geckodriverVersion: 0.24.0, moz:headless: false, moz:processID: 7880, moz:profile: C:\Users\siva.mutyala\AppDa..., moz:shutdownTimeout: 60000, moz:useNonSpecCompliantPointerOrigin: false, moz:webdriverClick: true, pageLoadStrategy: normal, platform: WINDOWS, platformName: WINDOWS, platformVersion: 10.0, rotatable: false, setWindowRect: true, strictFileInteractability: false, timeouts: {implicit: 0, pageLoad: 300000, script: 30000}, unhandledPromptBehavior: dismiss and notify}
Session ID: 9840ff6f-020f-4d3e-b0cd-c023f6ad098c
at java.base/jdk.internal.reflect.NativeConstructorAccessorImpl.newInstance0(Native Method)
at java.base/jdk.internal.reflect.NativeConstructorAccessorImpl.newInstance(NativeConstructorAccessorImpl.java:62)
at java.base/jdk.internal.reflect.DelegatingConstructorAccessorImpl.newInstance(DelegatingConstructorAccessorImpl.java:45)
at java.base/java.lang.reflect.Constructor.newInstanceWithCaller(Constructor.java:500)
at java.base/java.lang.reflect.Constructor.newInstance(Constructor.java:481)
at org.openqa.selenium.remote.http.W3CHttpResponseCodec.createException(W3CHttpResponseCodec.java:187)
at org.openqa.selenium.remote.http.W3CHttpResponseCodec.decode(W3CHttpResponseCodec.java:122)
at org.openqa.selenium.remote.http.W3CHttpResponseCodec.decode(W3CHttpResponseCodec.java:49)
at org.openqa.selenium.remote.HttpCommandExecutor.execute(HttpCommandExecutor.java:158)
at org.openqa.selenium.remote.service.DriverCommandExecutor.execute(DriverCommandExecutor.java:83)
at org.openqa.selenium.remote.RemoteWebDriver.execute(RemoteWebDriver.java:552)
at org.openqa.selenium.remote.RemoteWebElement.execute(RemoteWebElement.java:285)
at org.openqa.selenium.remote.RemoteWebElement.click(RemoteWebElement.java:84)
at com.cleartrip.tests.ClearTripOneWayTrip.oneWayTrip(ClearTripOneWayTrip.java:64)
at java.base/jdk.internal.reflect.NativeMethodAccessorImpl.invoke0(Native Method)
at java.base/jdk.internal.reflect.NativeMethodAccessorImpl.invoke(NativeMethodAccessorImpl.java:62)
at java.base/jdk.internal.reflect.DelegatingMethodAccessorImpl.invoke(DelegatingMethodAccessorImpl.java:43)
at java.base/java.lang.reflect.Method.invoke(Method.java:567)
at org.testng.internal.MethodInvocationHelper.invokeMethod(MethodInvocationHelper.java:124)
at org.testng.internal.Invoker.invokeMethod(Invoker.java:583)
at org.testng.internal.Invoker.invokeTestMethod(Invoker.java:719)
at org.testng.internal.Invoker.invokeTestMethods(Invoker.java:989)
at org.testng.internal.TestMethodWorker.invokeTestMethods(TestMethodWorker.java:125)
at org.testng.internal.TestMethodWorker.run(TestMethodWorker.java:109)
at java.base/java.util.concurrent.ThreadPoolExecutor.runWorker(ThreadPoolExecutor.java:1128)
at java.base/java.util.concurrent.ThreadPoolExecutor$Worker.run(ThreadPoolExecutor.java:628)
at java.base/java.lang.Thread.run(Thread.java:835)
]]>
            </full-stacktrace>
          </exception> <!-- org.openqa.selenium.ElementNotInteractableException -->
          <reporter-output>
          </reporter-output>
        </test-method> <!-- oneWayTrip -->
      </class> <!-- com.cleartrip.tests.ClearTripOneWayTrip -->
    </test> <!-- cleartripAssignment -->
  </suite> <!-- cleartrip -->
</testng-results>
